<?xml version="1.0" encoding="UTF-8"?>
<!-- Generated by org.testng.reporters.JUnitReportReporter -->
<testsuite hostname="RajKumar" failures="0" tests="1" name="testCases.LoginTestCase" time="2.747" errors="0" timestamp="2024-07-16T18:21:21 IST" skipped="0">
  <testcase classname="testCases.LoginTestCase" name="loginFunc" time="2.747"/>
  <system-out/>
</testsuite> <!-- testCases.LoginTestCase -->
